<?xml version="1.0" encoding="UTF-8"?>
<!-- Generated by org.testng.reporters.JUnitReportReporter -->
<testsuite hostname="LFR041122" failures="0" tests="3" name="runner.TestRunnerTest" time="46.968" errors="0" timestamp="2021-08-09T11:36:03 CEST" skipped="0">
  <testcase classname="runner.TestRunnerTest" name="runScenario" time="22.287"/>
  <system-out/>
  <testcase classname="runner.TestRunnerTest" name="runScenario" time="13.984"/>
  <system-out/>
  <testcase classname="runner.TestRunnerTest" name="runScenario" time="10.697"/>
  <system-out/>
</testsuite> <!-- runner.TestRunnerTest -->
